This is pdfTeX, Version 3.141592653-2.6-1.40.24 (TeX Live 2022) (preloaded format=pdflatex 2023.1.11)  12 JAN 2023 17:51
entering extended mode
 restricted \write18 enabled.
 file:line:error style messages enabled.
 %&-line parsing enabled.
**"g:/내 드라이브/Github/Momentum_Kick_Core/Latex/main.tex"
(g:/내 드라이브/Github/Momentum_Kick_Core/Latex/main.tex
LaTeX2e <2022-11-01> patch level 1
L3 programming layer <2022-12-17> (c:/texlive/2022/texmf-dist/tex/latex/revtex4/revtex4.cls
Document Class: revtex4 2020/09/30 v4.0a (http://publish.aps.org/revtex4/ for documentation)
 Copyright (c) 2001 The American Physical Society.
 mailto:revtex@aps.org
 Licensed under the LPPL:
http://www.ctan.org/tex-archive/macros/latex/base/lppl.txt
 Arthur Ogawa <ogawa@teleport.com>
 Based on work by David Carlisle <david@dcarlisle.demon.co.uk>.
ltxutil: portions licensed from W. E. Baxter (web@superscript.com)
Class revtex4 Info: Repairing broken LateX \@sect on input line 640.
\intertabularlinepenalty=\count185
\@tbpen=\count186
\@arstrutbox@hline=\box51
Class revtex4 Info: Repairing broken LaTeX \@xbitor on input line 1654.
ltxgrid: portions licensed from W. E. Baxter (web@superscript.com)
\c@linecount=\count187
\output=\toks16
\@protection@box=\box52
\@topmark@saved=\toks17
\footins@saved=\box53
\pagesofar=\box54
\footbox=\box55
\pagegrid@col=\count188
Class revtex4 Info: Incorporating package {textcase}  [1998/11/12 v0.06 Text only upper/lower case changing (DPC)]. on input line 3736.
(c:/texlive/2022/texmf-dist/tex/latex/base/fleqn.clo
File: fleqn.clo 2016/12/29 v1.2b Standard LaTeX option (flush left equations)
\mathindent=\skip48
Applying: [2015/01/01] Make \[ robust on input line 50.
LaTeX Info: Redefining \[ on input line 51.
Already applied: [0000/00/00] Make \[ robust on input line 62.
Applying: [2015/01/01] Make \] robust on input line 74.
LaTeX Info: Redefining \] on input line 75.
Already applied: [0000/00/00] Make \] robust on input line 83.
) (c:/texlive/2022/texmf-dist/tex/latex/url/url.sty
\Urlmuskip=\muskip16
Package: url 2013/09/16  ver 3.4  Verb mode for urls, etc.
)
\c@affil=\count189
\absbox=\box56
\c@part=\count190
\c@section=\count191
\c@subsection=\count192
\c@subsubsection=\count193
\c@paragraph=\count194
\c@subparagraph=\count195
\abovecaptionskip=\skip49
\belowcaptionskip=\skip50
\c@figure=\count196
\c@table=\count197
 (c:/texlive/2022/texmf-dist/tex/latex/natbib/natbib.sty
Package: natbib 2010/09/13 8.31b (PWD, AO)
\bibhang=\skip51
\bibsep=\skip52
LaTeX Info: Redefining \cite on input line 694.
\c@NAT@ctr=\count198
)
\widetext@top=\box57
\widetext@bot=\box58
 (c:/texlive/2022/texmf-dist/tex/latex/revtex4/revsymb.sty
Package: revsymb 2020/09/30 v4.0a (http://publish.aps.org/revtex4/ for documentation)
LaTeX Info: Redefining \REV@mathfrak on input line 118.
)) (./jkps.rtx
File: jkps.rtx 2001/11/08 KPSTeX v2.0beta3 substyle file (KPS)
 (c:/texlive/2022/texmf-dist/tex/latex/revtex4/aps.rtx
File: aps.rtx 2020/09/30 v4.0a (http://publish.aps.org/revtex4/ for documentation)
)

Class revtex4 Warning: Footnotes in bibliography are incompatible with KPS.
Undoing the footinbib option. .

\c@auth@kps=\count199
) (c:/texlive/2022/texmf-dist/tex/latex/revtex4/10pt.rtx
File: 10pt.rtx 2020/09/30 v4.0a (http://publish.aps.org/revtex4/ for documentation)
) (c:/texlive/2022/texmf-dist/tex/latex/graphics/graphicx.sty
Package: graphicx 2021/09/16 v1.2d Enhanced LaTeX Graphics (DPC,SPQR)
 (c:/texlive/2022/texmf-dist/tex/latex/graphics/keyval.sty
Package: keyval 2022/05/29 v1.15 key=value parser (DPC)
\KV@toks@=\toks18
) (c:/texlive/2022/texmf-dist/tex/latex/graphics/graphics.sty
Package: graphics 2022/03/10 v1.4e Standard LaTeX Graphics (DPC,SPQR)
 (c:/texlive/2022/texmf-dist/tex/latex/graphics/trig.sty
Package: trig 2021/08/11 v1.11 sin cos tan (DPC)
) (c:/texlive/2022/texmf-dist/tex/latex/graphics-cfg/graphics.cfg
File: graphics.cfg 2016/06/04 v1.11 sample graphics configuration
)
Package graphics Info: Driver file: pdftex.def on input line 107.
 (c:/texlive/2022/texmf-dist/tex/latex/graphics-def/pdftex.def
File: pdftex.def 2022/09/22 v1.2b Graphics/color driver for pdftex
))
\Gin@req@height=\dimen140
\Gin@req@width=\dimen141
) (c:/texlive/2022/texmf-dist/tex/latex/amsfonts/amssymb.sty
Package: amssymb 2013/01/14 v3.01 AMS font symbols
 (c:/texlive/2022/texmf-dist/tex/latex/amsfonts/amsfonts.sty
Package: amsfonts 2013/01/14 v3.01 Basic AMSFonts support
\@emptytoks=\toks19
\symAMSa=\mathgroup4
\symAMSb=\mathgroup5
LaTeX Font Info:    Redeclaring math symbol \hbar on input line 98.
LaTeX Font Info:    Overwriting math alphabet `\mathfrak' in version `bold'
(Font)                  U/euf/m/n --> U/euf/b/n on input line 106.
LaTeX Info: Redefining \frak on input line 111.
LaTeX Info: Redefining \Bbb on input line 113.
)) (c:/texlive/2022/texmf-dist/tex/latex/xcolor/xcolor.sty
Package: xcolor 2022/06/12 v2.14 LaTeX color extensions (UK)
 (c:/texlive/2022/texmf-dist/tex/latex/graphics-cfg/color.cfg
File: color.cfg 2016/01/02 v1.6 sample color configuration
)
Package xcolor Info: Driver file: pdftex.def on input line 227.
 (c:/texlive/2022/texmf-dist/tex/latex/graphics/mathcolor.ltx)
Package xcolor Info: Model `cmy' substituted by `cmy0' on input line 1353.
Package xcolor Info: Model `hsb' substituted by `rgb' on input line 1357.
Package xcolor Info: Model `RGB' extended on input line 1369.
Package xcolor Info: Model `HTML' substituted by `rgb' on input line 1371.
Package xcolor Info: Model `Hsb' substituted by `hsb' on input line 1372.
Package xcolor Info: Model `tHsb' substituted by `hsb' on input line 1373.
Package xcolor Info: Model `HSB' substituted by `hsb' on input line 1374.
Package xcolor Info: Model `Gray' substituted by `gray' on input line 1375.
Package xcolor Info: Model `wave' substituted by `hsb' on input line 1376.
 (c:/texlive/2022/texmf-dist/tex/latex/graphics/dvipsnam.def
File: dvipsnam.def 2016/06/17 v3.0m Driver-dependent file (DPC,SPQR)
)) (c:/texlive/2022/texmf-dist/tex/latex/amsmath/amsmath.sty
Package: amsmath 2022/04/08 v2.17n AMS math features
\@mathmargin=\skip53

For additional information on amsmath, use the `?' option.
(c:/texlive/2022/texmf-dist/tex/latex/amsmath/amstext.sty
Package: amstext 2021/08/26 v2.01 AMS text
 (c:/texlive/2022/texmf-dist/tex/latex/amsmath/amsgen.sty
File: amsgen.sty 1999/11/30 v2.0 generic functions
\@emptytoks=\toks20
\ex@=\dimen142
)) (c:/texlive/2022/texmf-dist/tex/latex/amsmath/amsbsy.sty
Package: amsbsy 1999/11/29 v1.2d Bold Symbols
\pmbraise@=\dimen143
) (c:/texlive/2022/texmf-dist/tex/latex/amsmath/amsopn.sty
Package: amsopn 2022/04/08 v2.04 operator names
)
\inf@bad=\count266
LaTeX Info: Redefining \frac on input line 234.
\uproot@=\count267
\leftroot@=\count268
LaTeX Info: Redefining \overline on input line 399.
LaTeX Info: Redefining \colon on input line 410.
\classnum@=\count269
\DOTSCASE@=\count270
LaTeX Info: Redefining \ldots on input line 496.
LaTeX Info: Redefining \dots on input line 499.
LaTeX Info: Redefining \cdots on input line 620.
\Mathstrutbox@=\box59
\strutbox@=\box60
LaTeX Info: Redefining \big on input line 722.
LaTeX Info: Redefining \Big on input line 723.
LaTeX Info: Redefining \bigg on input line 724.
LaTeX Info: Redefining \Bigg on input line 725.
\big@size=\dimen144
LaTeX Font Info:    Redeclaring font encoding OML on input line 743.
LaTeX Font Info:    Redeclaring font encoding OMS on input line 744.
\macc@depth=\count271
LaTeX Info: Redefining \bmod on input line 905.
LaTeX Info: Redefining \pmod on input line 910.
LaTeX Info: Redefining \smash on input line 940.
LaTeX Info: Redefining \relbar on input line 970.
LaTeX Info: Redefining \Relbar on input line 971.
\c@MaxMatrixCols=\count272
\dotsspace@=\muskip17
\c@parentequation=\count273
\dspbrk@lvl=\count274
\tag@help=\toks21
\row@=\count275
\column@=\count276
\maxfields@=\count277
\andhelp@=\toks22
\eqnshift@=\dimen145
\alignsep@=\dimen146
\tagshift@=\dimen147
\tagwidth@=\dimen148
\totwidth@=\dimen149
\lineht@=\dimen150
\@envbody=\toks23
\multlinegap=\skip54
\multlinetaggap=\skip55
\mathdisplay@stack=\toks24
LaTeX Info: Redefining \[ on input line 2953.
LaTeX Info: Redefining \] on input line 2954.
) (c:/texlive/2022/texmf-dist/tex/latex/tools/bm.sty
Package: bm 2022/01/05 v1.2f Bold Symbol Support (DPC/FMi)
\symboldoperators=\mathgroup6
\symboldletters=\mathgroup7
\symboldsymbols=\mathgroup8
Package bm Info: No bold for \OMX/cmex/m/n, using \pmb.
Package bm Info: No bold for \U/msa/m/n, using \pmb.
Package bm Info: No bold for \U/msb/m/n, using \pmb.
LaTeX Font Info:    Redeclaring math alphabet \mathbf on input line 149.
) (c:/texlive/2022/texmf-dist/tex/latex/tools/tabularx.sty
Package: tabularx 2020/01/15 v2.11c `tabularx' package (DPC)
 (c:/texlive/2022/texmf-dist/tex/latex/tools/array.sty
Package: array 2022/09/04 v2.5g Tabular extension package (FMi)
\col@sep=\dimen151
\ar@mcellbox=\box61
\extrarowheight=\dimen152
\NC@list=\toks25
\extratabsurround=\skip56
\backup@length=\skip57
\ar@cellbox=\box62
)
\TX@col@width=\dimen153
\TX@old@table=\dimen154
\TX@old@col=\dimen155
\TX@target=\dimen156
\TX@delta=\dimen157
\TX@cols=\count278
\TX@ftn=\toks26
) (c:/texlive/2022/texmf-dist/tex/latex/cjk-ko/kotex.sty
Package: kotex 2015/04/19 v1.6 Korean TeX (ko.TeX)
 (c:/texlive/2022/texmf-dist/tex/latex/kotex-utf/kotex.cfg) (c:/texlive/2022/texmf-dist/tex/latex/kotex-utf/kotexutf.sty
Package: kotexutf 2022/06/22 v3.0.0 typesetting UTF-8 Korean documents
 (c:/texlive/2022/texmf-dist/tex/latex/base/inputenc.sty
Package: inputenc 2021/02/14 v1.3d Input encoding file
\inpenc@prehook=\toks27
\inpenc@posthook=\toks28
) (c:/texlive/2022/texmf-dist/tex/plain/kotex-plain/kotexutf-core.tex
\unih@ngulpoint=\count279
\dhucs@emph@raise=\dimen158
)
Now handling font encoding LUC ...
... processing UTF-8 mapping file for font encoding LUC
 (c:/texlive/2022/texmf-dist/tex/latex/kotex-utf/lucenc.dfu
File: lucenc.dfu 2007/09/05 UTF-8 support for dhucs
   defining Unicode char U+00B7 (decimal 183)
   defining Unicode char U+2018 (decimal 8216)
   defining Unicode char U+2019 (decimal 8217)
   defining Unicode char U+201C (decimal 8220)
   defining Unicode char U+201D (decimal 8221)
   defining Unicode char U+3001 (decimal 12289)
   defining Unicode char U+3002 (decimal 12290)
   defining Unicode char U+3008 (decimal 12296)
   defining Unicode char U+3009 (decimal 12297)
   defining Unicode char U+300A (decimal 12298)
   defining Unicode char U+300B (decimal 12299)
   defining Unicode char U+300C (decimal 12300)
   defining Unicode char U+300D (decimal 12301)
   defining Unicode char U+300E (decimal 12302)
   defining Unicode char U+300F (decimal 12303)
   defining Unicode char U+3010 (decimal 12304)
   defining Unicode char U+3011 (decimal 12305)
   defining Unicode char U+3014 (decimal 12308)
   defining Unicode char U+3015 (decimal 12309)
   defining Unicode char U+3016 (decimal 12310)
   defining Unicode char U+3017 (decimal 12311)
   defining Unicode char U+3018 (decimal 12312)
   defining Unicode char U+3019 (decimal 12313)
   defining Unicode char U+301A (decimal 12314)
   defining Unicode char U+301B (decimal 12315)
   defining Unicode char U+FF01 (decimal 65281)
   defining Unicode char U+FF08 (decimal 65288)
   defining Unicode char U+FF09 (decimal 65289)
   defining Unicode char U+FF0C (decimal 65292)
   defining Unicode char U+FF0E (decimal 65294)
   defining Unicode char U+FF1A (decimal 65306)
   defining Unicode char U+FF1B (decimal 65307)
   defining Unicode char U+FF1C (decimal 65308)
   defining Unicode char U+FF1D (decimal 65309)
   defining Unicode char U+FF1E (decimal 65310)
   defining Unicode char U+FF1F (decimal 65311)
   defining Unicode char U+FF3B (decimal 65339)
   defining Unicode char U+FF3D (decimal 65341)
   defining Unicode char U+FF5B (decimal 65371)
   defining Unicode char U+FF5D (decimal 65373)
   defining Unicode char U+FF61 (decimal 65377)
   defining Unicode char U+FF62 (decimal 65378)
   defining Unicode char U+FF63 (decimal 65379)
   defining Unicode char U+FF64 (decimal 65380)
   defining Unicode char U+FF65 (decimal 65381)
)
\@josa=\count280
\josatoks=\toks29
 (c:/texlive/2022/texmf-dist/tex/latex/cjk-ko/kolabels-utf.sty
Package: kolabels-utf 2015/03/20 v1.5 UTF-8 Hangul item labels
))) (c:/texlive/2022/texmf-dist/tex/latex/l3backend/l3backend-pdftex.def
File: l3backend-pdftex.def 2022-10-26 L3 backend support: PDF output (pdfTeX)
\l__color_backend_stack_int=\count281
\l__pdf_internal_box=\box63
) (./main.aux)
\openout1 = `main.aux'.

LaTeX Font Info:    Checking defaults for OML/cmm/m/it on input line 14.
LaTeX Font Info:    ... okay on input line 14.
LaTeX Font Info:    Checking defaults for OMS/cmsy/m/n on input line 14.
LaTeX Font Info:    ... okay on input line 14.
LaTeX Font Info:    Checking defaults for OT1/cmr/m/n on input line 14.
LaTeX Font Info:    ... okay on input line 14.
LaTeX Font Info:    Checking defaults for T1/cmr/m/n on input line 14.
LaTeX Font Info:    ... okay on input line 14.
LaTeX Font Info:    Checking defaults for TS1/cmr/m/n on input line 14.
LaTeX Font Info:    ... okay on input line 14.
LaTeX Font Info:    Checking defaults for OMX/cmex/m/n on input line 14.
LaTeX Font Info:    ... okay on input line 14.
LaTeX Font Info:    Checking defaults for U/cmr/m/n on input line 14.
LaTeX Font Info:    ... okay on input line 14.
LaTeX Font Info:    Checking defaults for LUC/nanummj/m/n on input line 14.
LaTeX Font Info:    Trying to load font information for LUC+nanummj on input line 14.
 (c:/texlive/2022/texmf-dist/tex/latex/nanumtype1/lucnanummj.fd
File: lucnanummj.fd 2013/02/12 v0.1 Nanum Myeongjo font definitions
)
LaTeX Font Info:    ... okay on input line 14.
Class revtex4 Info: Unrecognized array package. Please update this document class! (Proceeding with fingers crossed.) on input line 14.
Class revtex4 Info: cite was not loaded (OK!) on input line 14.
Class revtex4 Info: multicol was not loaded (OK!) on input line 14.
 (c:/texlive/2022/texmf-dist/tex/context/base/mkii/supp-pdf.mkii
[Loading MPS to PDF converter (version 2006.09.02).]
\scratchcounter=\count282
\scratchdimen=\dimen159
\scratchbox=\box64
\nofMPsegments=\count283
\nofMParguments=\count284
\everyMPshowfont=\toks30
\MPscratchCnt=\count285
\MPscratchDim=\dimen160
\MPnumerator=\count286
\makeMPintoPDFobject=\count287
\everyMPtoPDFconversion=\toks31
) (c:/texlive/2022/texmf-dist/tex/latex/epstopdf-pkg/epstopdf-base.sty
Package: epstopdf-base 2020-01-24 v2.11 Base part for package epstopdf
Package epstopdf-base Info: Redefining graphics rule for `.eps' on input line 485.
 (c:/texlive/2022/texmf-dist/tex/latex/latexconfig/epstopdf-sys.cfg
File: epstopdf-sys.cfg 2010/07/13 v1.3 Configuration of (r)epstopdf for TeX Live
))
LaTeX Font Info:    Trying to load font information for U+msa on input line 43.
 (c:/texlive/2022/texmf-dist/tex/latex/amsfonts/umsa.fd
File: umsa.fd 2013/01/14 v3.01 AMS symbols A
)
LaTeX Font Info:    Trying to load font information for U+msb on input line 43.
 (c:/texlive/2022/texmf-dist/tex/latex/amsfonts/umsb.fd
File: umsb.fd 2013/01/14 v3.01 AMS symbols B
) [1{c:/texlive/2022/texmf-var/fonts/map/pdftex/updmap/pdftex.map}] [2]
<./Figures/ptVSnone.png, id=28, 2521.42pt x 1187.43625pt>
File: ./Figures/ptVSnone.png Graphic file (type png)
<use ./Figures/ptVSnone.png>
Package pdftex.def Info: ./Figures/ptVSnone.png  used on input line 152.
(pdftex.def)             Requested size: 341.4158pt x 170.71529pt.

Overfull \hbox (13.53596pt too wide) in paragraph at lines 173--173
 []|$\OT1/cmr/m/n/9 20\OML/cmm/m/it/9 :\OT1/cmr/m/n/9 2\OML/cmm/m/it/9 e[]$| 
 []

[3 <./Figures/ptVSnone.png>]
<./Figures/Paper_frnk.png, id=38, 2529.45pt x 1194.6231pt>
File: ./Figures/Paper_frnk.png Graphic file (type png)
<use ./Figures/Paper_frnk.png>
Package pdftex.def Info: ./Figures/Paper_frnk.png  used on input line 209.
(pdftex.def)             Requested size: 341.42242pt x 170.7095pt.
<./Figures/Paper_phiCorr.png, id=39, 9033.75pt x 1445.4pt>
File: ./Figures/Paper_phiCorr.png Graphic file (type png)
<use ./Figures/Paper_phiCorr.png>
Package pdftex.def Info: ./Figures/Paper_phiCorr.png  used on input line 226.
(pdftex.def)             Requested size: 512.08952pt x 85.35284pt.
<./Figures/Paper_pTdis.png, id=40, 2890.8pt x 1445.4pt>
File: ./Figures/Paper_pTdis.png Graphic file (type png)
<use ./Figures/Paper_pTdis.png>
Package pdftex.def Info: ./Figures/Paper_pTdis.png  used on input line 235.
(pdftex.def)             Requested size: 341.41139pt x 170.70569pt.
 [4 <./Figures/Paper_frnk.png>]
<./Figures/rezero_atlas_Nk.png, id=45, 6504.3pt x 6504.3pt>
File: ./Figures/rezero_atlas_Nk.png Graphic file (type png)
<use ./Figures/rezero_atlas_Nk.png>
Package pdftex.def Info: ./Figures/rezero_atlas_Nk.png  used on input line 265.
(pdftex.def)             Requested size: 426.76425pt x 426.76425pt.
 [5 <./Figures/Paper_phiCorr.png> <./Figures/Paper_pTdis.png>] (./main.bbl
Underfull \hbox (badness 2671) in paragraph at lines 18--32
[]\OT1/cmr/m/n/9 J. Adams, C. Adler, M. M. Ag-gar-wal, Z. Ahammed, J. Amon-ett, B. D. An-der-son, D. Arkhip-kin, G. S.
 []


Underfull \hbox (badness 4832) in paragraph at lines 36--50
[]\OT1/cmr/m/n/9 J. Adams, M. M. Ag-gar-wal, Z. Ahammed, J. Amon-ett, B. D. An-der-son, M. An-der-son, D. Arkhip-kin,
 []


Underfull \hbox (badness 1642) in paragraph at lines 36--50
\OT1/cmr/m/n/9 G. S. Averichev, Y. Bai, J. Balewski, et al. (STAR Col-lab-o-ra-tion), Phys. Rev. C \OT1/cmr/bx/n/9 73\OT1/cmr/m/n/9 , 064907 (2006), URL
 []

[6 <./Figures/rezero_atlas_Nk.png>]
Underfull \hbox (badness 2799) in paragraph at lines 121--135
[]\OT1/cmr/m/n/9 A. Adare, S. Afanasiev, C. Aidala, N. N. Aji-tanand, Y. Ak-iba, R. Aki-moto, H. Al-Bataineh, J. Alexan-
 []


Underfull \hbox (badness 5460) in paragraph at lines 121--135
\OT1/cmr/m/n/9 der, M. Al-fred, H. Al-Ta'ani, et al. (PHENIX Col-lab-o-ra-tion), Phys. Rev. C \OT1/cmr/bx/n/9 94\OT1/cmr/m/n/9 , 064901 (2016), URL
 []


Underfull \hbox (badness 2564) in paragraph at lines 156--170
[]\OT1/cmr/m/n/9 V. Khacha-tryan, A. M. Sirun-yan, A. Tu-masyan, W. Adam, T. Bergauer, M. Drag-ice-vic, J. Er^^?o, C. Fab-
 []


Underfull \hbox (badness 1014) in paragraph at lines 156--170
\OT1/cmr/m/n/9 jan, M. Friedl, R. Fr^^?uhwirth, et al., Jour-nal of High En-ergy Physics \OT1/cmr/bx/n/9 2010\OT1/cmr/m/n/9 , 91 (2010), ISSN 1029-8479, URL
 []


Underfull \hbox (badness 3977) in paragraph at lines 174--188
[]\OT1/cmr/m/n/9 S. Cha-trchyan, V. Khacha-tryan, A. M. Sirun-yan, A. Tu-masyan, W. Adam, T. Bergauer, M. Drag-ice-vic,
 []


Underfull \hbox (badness 10000) in paragraph at lines 192--206
[]\OT1/cmr/m/n/9 S. Cha-trchyan, V. Khacha-tryan, A. Sirun-yan, A. Tu-masyan, W. Adam, E. Aguilo, T. Bergauer,
 []


Underfull \hbox (badness 5802) in paragraph at lines 192--206
\OT1/cmr/m/n/9 M. Drag-ice-vic, J. Er^^?o, C. Fab-jan, et al., Physics Let-ters B \OT1/cmr/bx/n/9 718\OT1/cmr/m/n/9 , 795 (2013), ISSN 0370-2693, URL
 []


Underfull \hbox (badness 10000) in paragraph at lines 210--224
[]\OT1/cmr/m/n/9 S. Cha-trchyan, V. Khacha-tryan, A. Sirun-yan, A. Tu-masyan, W. Adam, T. Bergauer, M. Drag-ice-
 []


Underfull \hbox (badness 5119) in paragraph at lines 210--224
\OT1/cmr/m/n/9 vic, J. Er^^?o, C. Fab-jan, M. Friedl, et al., Physics Let-ters B \OT1/cmr/bx/n/9 724\OT1/cmr/m/n/9 , 213 (2013), ISSN 0370-2693, URL
 []


Underfull \hbox (badness 3977) in paragraph at lines 228--242
[]\OT1/cmr/m/n/9 S. Cha-trchyan, V. Khacha-tryan, A. M. Sirun-yan, A. Tu-masyan, W. Adam, T. Bergauer, M. Drag-ice-vic,
 []


Underfull \hbox (badness 5302) in paragraph at lines 246--260
[]\OT1/cmr/m/n/9 V. Khacha-tryan, A. Sirun-yan, A. Tu-masyan, W. Adam, T. Bergauer, M. Drag-ice-vic, J. Er^^?o, C. Fab-
 []


Underfull \hbox (badness 10000) in paragraph at lines 246--260
\OT1/cmr/m/n/9 jan, M. Friedl, R. Fr^^?uhwirth, et al., Physics Let-ters B \OT1/cmr/bx/n/9 742\OT1/cmr/m/n/9 , 200 (2015), ISSN 0370-2693, URL
 []


Underfull \hbox (badness 1688) in paragraph at lines 264--278
[]\OT1/cmr/m/n/9 V. Khacha-tryan, A. M. Sirun-yan, A. Tu-masyan, W. Adam, T. Bergauer, M. Drag-ice-vic, J. Er^^?o, M. Friedl,
 []


Underfull \hbox (badness 5985) in paragraph at lines 264--278
\OT1/cmr/m/n/9 R. Fr^^?uhwirth, V. M. Ghete, et al. (CMS Col-lab-o-ra-tion), Phys. Rev. Lett. \OT1/cmr/bx/n/9 115\OT1/cmr/m/n/9 , 012301 (2015), URL
 []


Underfull \hbox (badness 10000) in paragraph at lines 301--314
[]\OT1/cmr/m/n/9 V. Khacha-tryan, A. Sirun-yan, A. Tu-masyan, W. Adam, E. Asi-lar, T. Bergauer, J. Brand-stet-ter,
 []


Underfull \hbox (badness 3965) in paragraph at lines 301--314
\OT1/cmr/m/n/9 E. Bron-dolin, M. Drag-ice-vic, J. Er^^?o, et al., Physics Let-ters B \OT1/cmr/bx/n/9 765\OT1/cmr/m/n/9 , 193 (2017), ISSN 0370-2693, URL
 []


Underfull \hbox (badness 3861) in paragraph at lines 318--332
[]\OT1/cmr/m/n/9 B. Abelev, J. Adam, D. Adamov^^Sa, A. Adare, M. Ag-gar-wal, G. Aglieri Rinella, M. Ag-nello, A. Agocs,
 []


Underfull \hbox (badness 10000) in paragraph at lines 318--332
\OT1/cmr/m/n/9 A. Agostinelli, Z. Ahammed, et al., Physics Let-ters B \OT1/cmr/bx/n/9 726\OT1/cmr/m/n/9 , 164 (2013), ISSN 0370-2693, URL
 []


Underfull \hbox (badness 10000) in paragraph at lines 336--350
[]\OT1/cmr/m/n/9 J. Adam, D. Adamov^^Sa, M. Ag-gar-wal, G. Aglieri Rinella, M. Ag-nello, N. Agrawal, Z. Ahammed,
 []


Underfull \hbox (badness 10000) in paragraph at lines 336--350
\OT1/cmr/m/n/9 S. Ahn, I. Aimo, S. Aiola, et al., Physics Let-ters B \OT1/cmr/bx/n/9 753\OT1/cmr/m/n/9 , 126 (2016), ISSN 0370-2693, URL
 []


Underfull \hbox (badness 5064) in paragraph at lines 422--436
[]\OT1/cmr/m/n/9 G. Aad, B. Ab-bott, J. Ab-dal-lah, O. Ab-di-nov, R. Aben, M. Abolins, O. S. AbouZeid, H. Abramow-
 []


Underfull \hbox (badness 6412) in paragraph at lines 422--436
\OT1/cmr/m/n/9 icz, H. Abreu, R. Abreu, et al. (AT-LAS Col-lab-o-ra-tion), Phys. Rev. Lett. \OT1/cmr/bx/n/9 116\OT1/cmr/m/n/9 , 172301 (2016), URL
 []

) [7] (./main.aux) ) 
Here is how much of TeX's memory you used:
 5633 strings out of 476093
 80668 string characters out of 5795583
 1878787 words of memory out of 5000000
 25907 multiletter control sequences out of 15000+600000
 525703 words of font info for 81 fonts, out of 8000000 for 9000
 1141 hyphenation exceptions out of 8191
 56i,16n,62p,531b,335s stack positions out of 10000i,1000n,20000p,200000b,200000s
<c:/texlive/2022/texmf-dist/fonts/type1/public/amsfonts/cm/cmbx10.pfb><c:/texlive/2022/texmf-dist/fonts/type1/public/amsfonts/cm/cmbx7.pfb><c:/texlive/2022/texmf-dist/fonts/type1/public/amsfonts/cm/cmbx9.pfb><c:/texlive/2022/texmf-dist/fonts/type1/public/amsfonts/cm/cmcsc10.pfb><c:/texlive/2022/texmf-dist/fonts/type1/public/amsfonts/cm/cmex10.pfb><c:/texlive/2022/texmf-dist/fonts/type1/public/amsfonts/cmextra/cmex7.pfb><c:/texlive/2022/texmf-dist/fonts/type1/public/amsfonts/cm/cmmi10.pfb><c:/texlive/2022/texmf-dist/fonts/type1/public/amsfonts/cm/cmmi5.pfb><c:/texlive/2022/texmf-dist/fonts/type1/public/amsfonts/cm/cmmi6.pfb><c:/texlive/2022/texmf-dist/fonts/type1/public/amsfonts/cm/cmmi7.pfb><c:/texlive/2022/texmf-dist/fonts/type1/public/amsfonts/cm/cmmi9.pfb><c:/texlive/2022/texmf-dist/fonts/type1/public/amsfonts/cm/cmr10.pfb><c:/texlive/2022/texmf-dist/fonts/type1/public/amsfonts/cm/cmr5.pfb><c:/texlive/2022/texmf-dist/fonts/type1/public/amsfonts/cm/cmr6.pfb><c:/texlive/2022/texmf-dist/fonts/type1/public/amsfonts/cm/cmr7.pfb><c:/texlive/2022/texmf-dist/fonts/type1/public/amsfonts/cm/cmr8.pfb><c:/texlive/2022/texmf-dist/fonts/type1/public/amsfonts/cm/cmr9.pfb><c:/texlive/2022/texmf-dist/fonts/type1/public/amsfonts/cm/cmssbx10.pfb><c:/texlive/2022/texmf-dist/fonts/type1/public/amsfonts/cm/cmsy10.pfb><c:/texlive/2022/texmf-dist/fonts/type1/public/amsfonts/cm/cmsy5.pfb><c:/texlive/2022/texmf-dist/fonts/type1/public/amsfonts/cm/cmsy6.pfb><c:/texlive/2022/texmf-dist/fonts/type1/public/amsfonts/cm/cmsy7.pfb><c:/texlive/2022/texmf-dist/fonts/type1/public/amsfonts/cm/cmsy9.pfb><c:/texlive/2022/texmf-dist/fonts/type1/public/amsfonts/cm/cmti9.pfb>
Output written on main.pdf (7 pages, 3092832 bytes).
PDF statistics:
 159 PDF objects out of 1000 (max. 8388607)
 91 compressed objects within 1 object stream
 0 named destinations out of 1000 (max. 500000)
 26 words of extra memory for PDF output out of 10000 (max. 10000000)

